<?xml version="1.0" encoding="UTF-8"?>
<robot generator="Robot 6.0.2 (Python 3.7.9 on win32)" generated="20230405 11:50:58.881" rpa="false" schemaversion="3">
<suite id="s1" name="Test" source="C:\Users\F005229\.vscode\Projetos\Saucedemo\Test">
<suite id="s1-s1" name="SaucedemoTeste" source="C:\Users\F005229\.vscode\Projetos\Saucedemo\Test\SaucedemoTeste.robot">
<test id="s1-s1-t1" name="Teste" line="10">
<kw name="Start Session" library="BasePage" type="SETUP">
<kw name="Open Browser" library="SeleniumLibrary">
<arg>${BASEURL}</arg>
<arg>${BROWSER}</arg>
<doc>Opens a new browser instance to the optional ``url``.</doc>
<msg timestamp="20230405 11:50:59.339" level="INFO">Opening browser 'edge' to base url 'https://www.saucedemo.com/'.</msg>
<status status="PASS" starttime="20230405 11:50:59.338" endtime="20230405 11:51:16.180"/>
</kw>
<kw name="Set Selenium Implicit Wait" library="SeleniumLibrary">
<arg>${TIMEOUT}</arg>
<doc>Sets the implicit wait value used by Selenium.</doc>
<status status="PASS" starttime="20230405 11:51:16.180" endtime="20230405 11:51:16.182"/>
</kw>
<kw name="Set Window Size" library="SeleniumLibrary">
<arg>${BROWSERWIDTH}</arg>
<arg>${BROWSERHEIGHT}</arg>
<doc>Sets current windows size to given ``width`` and ``height``.</doc>
<status status="PASS" starttime="20230405 11:51:16.182" endtime="20230405 11:51:16.326"/>
</kw>
<status status="PASS" starttime="20230405 11:50:59.338" endtime="20230405 11:51:16.326"/>
</kw>
<kw name="Login" library="Login">
<kw name="Input Text" library="SeleniumLibrary">
<arg>${Username}</arg>
<arg>standard_user</arg>
<doc>Types the given ``text`` into the text field identified by ``locator``.</doc>
<msg timestamp="20230405 11:51:16.329" level="INFO">Typing text 'standard_user' into text field 'css: input[name="user-name"]'.</msg>
<status status="PASS" starttime="20230405 11:51:16.329" endtime="20230405 11:51:16.602"/>
</kw>
<kw name="Input Password" library="SeleniumLibrary">
<arg>${Password}</arg>
<arg>secret_sauce</arg>
<doc>Types the given password into the text field identified by ``locator``.</doc>
<msg timestamp="20230405 11:51:16.603" level="INFO">Typing password into text field 'css: input[name="password"]'.</msg>
<msg timestamp="20230405 11:51:16.643" level="INFO">Temporally setting log level to: NONE</msg>
<msg timestamp="20230405 11:51:16.710" level="INFO">Log level changed from NONE to INFO.</msg>
<status status="PASS" starttime="20230405 11:51:16.602" endtime="20230405 11:51:16.710"/>
</kw>
<kw name="Click Element" library="SeleniumLibrary">
<arg>${LoginButton}</arg>
<doc>Click the element identified by ``locator``.</doc>
<msg timestamp="20230405 11:51:16.711" level="INFO">Clicking element 'css: input[name="login-button"]'.</msg>
<status status="PASS" starttime="20230405 11:51:16.710" endtime="20230405 11:51:16.821"/>
</kw>
<status status="PASS" starttime="20230405 11:51:16.326" endtime="20230405 11:51:16.821"/>
</kw>
<kw name="Buy Product" library="BuyProduct">
<kw name="Click Element" library="SeleniumLibrary">
<arg>${AddBackpackToCart}</arg>
<doc>Click the element identified by ``locator``.</doc>
<msg timestamp="20230405 11:51:16.827" level="INFO">Clicking element 'css: button[name="add-to-cart-sauce-labs-backpack"]'.</msg>
<status status="PASS" starttime="20230405 11:51:16.826" endtime="20230405 11:51:17.046"/>
</kw>
<kw name="Click Element" library="SeleniumLibrary">
<arg>${ShoppingCart}</arg>
<doc>Click the element identified by ``locator``.</doc>
<msg timestamp="20230405 11:51:17.047" level="INFO">Clicking element 'css: .shopping_cart_link'.</msg>
<status status="PASS" starttime="20230405 11:51:17.046" endtime="20230405 11:51:17.100"/>
</kw>
<kw name="Click Element" library="SeleniumLibrary">
<arg>${CheckoutBtn}</arg>
<doc>Click the element identified by ``locator``.</doc>
<msg timestamp="20230405 11:51:17.100" level="INFO">Clicking element 'css: button[name="checkout"]'.</msg>
<status status="PASS" starttime="20230405 11:51:17.100" endtime="20230405 11:51:17.162"/>
</kw>
<kw name="Input Text" library="SeleniumLibrary">
<arg>${FirstNameInput}</arg>
<arg>Luis</arg>
<doc>Types the given ``text`` into the text field identified by ``locator``.</doc>
<msg timestamp="20230405 11:51:17.164" level="INFO">Typing text 'Luis' into text field 'css: input[id="first-name"]'.</msg>
<status status="PASS" starttime="20230405 11:51:17.163" endtime="20230405 11:51:17.256"/>
</kw>
<kw name="Input Text" library="SeleniumLibrary">
<arg>${LastNameInput}</arg>
<arg>Araújo</arg>
<doc>Types the given ``text`` into the text field identified by ``locator``.</doc>
<msg timestamp="20230405 11:51:17.256" level="INFO">Typing text 'Araújo' into text field 'css: input[id="last-name"]'.</msg>
<status status="PASS" starttime="20230405 11:51:17.256" endtime="20230405 11:51:17.387"/>
</kw>
<kw name="Input Text" library="SeleniumLibrary">
<arg>${ZipCodeInput}</arg>
<arg>1350</arg>
<doc>Types the given ``text`` into the text field identified by ``locator``.</doc>
<msg timestamp="20230405 11:51:17.388" level="INFO">Typing text '1350' into text field 'css: input[id="postal-code"]'.</msg>
<status status="PASS" starttime="20230405 11:51:17.388" endtime="20230405 11:51:17.543"/>
</kw>
<kw name="Click Element" library="SeleniumLibrary">
<arg>${ContinueBtn}</arg>
<doc>Click the element identified by ``locator``.</doc>
<msg timestamp="20230405 11:51:17.543" level="INFO">Clicking element 'css: input[id="continue"]'.</msg>
<status status="PASS" starttime="20230405 11:51:17.543" endtime="20230405 11:51:17.609"/>
</kw>
<kw name="Click Element" library="SeleniumLibrary">
<arg>${FinishBtn}</arg>
<doc>Click the element identified by ``locator``.</doc>
<msg timestamp="20230405 11:51:17.611" level="INFO">Clicking element 'css: button[id="finish"]'.</msg>
<status status="PASS" starttime="20230405 11:51:17.610" endtime="20230405 11:51:17.659"/>
</kw>
<kw name="Click Element" library="SeleniumLibrary">
<arg>${BackHomeBtn}</arg>
<doc>Click the element identified by ``locator``.</doc>
<msg timestamp="20230405 11:51:17.660" level="INFO">Clicking element 'css: button[id="back-to-products"]'.</msg>
<status status="PASS" starttime="20230405 11:51:17.659" endtime="20230405 11:51:17.735"/>
</kw>
<status status="PASS" starttime="20230405 11:51:16.826" endtime="20230405 11:51:17.735"/>
</kw>
<kw name="Logout" library="Logout">
<kw name="Click Element" library="SeleniumLibrary">
<arg>${MenuButton}</arg>
<doc>Click the element identified by ``locator``.</doc>
<msg timestamp="20230405 11:51:17.742" level="INFO">Clicking element 'css: button[id="react-burger-menu-btn"]'.</msg>
<status status="PASS" starttime="20230405 11:51:17.742" endtime="20230405 11:51:17.853"/>
</kw>
<kw name="Click Element" library="SeleniumLibrary">
<arg>${LogoutLink}</arg>
<doc>Click the element identified by ``locator``.</doc>
<msg timestamp="20230405 11:51:17.854" level="INFO">Clicking element 'css: a[id="logout_sidebar_link"]'.</msg>
<status status="PASS" starttime="20230405 11:51:17.853" endtime="20230405 11:51:17.957"/>
</kw>
<status status="PASS" starttime="20230405 11:51:17.742" endtime="20230405 11:51:17.957"/>
</kw>
<kw name="Close Session" library="BasePage" type="TEARDOWN">
<kw name="Capture Page Screenshot" library="SeleniumLibrary">
<doc>Takes a screenshot of the current page and embeds it into a log file.</doc>
<msg timestamp="20230405 11:51:18.107" level="INFO" html="true">&lt;/td&gt;&lt;/tr&gt;&lt;tr&gt;&lt;td colspan="3"&gt;&lt;a href="selenium-screenshot-4.png"&gt;&lt;img src="selenium-screenshot-4.png" width="800px"&gt;&lt;/a&gt;</msg>
<status status="PASS" starttime="20230405 11:51:17.960" endtime="20230405 11:51:18.107"/>
</kw>
<kw name="Close Browser" library="SeleniumLibrary">
<doc>Closes the current browser.</doc>
<status status="PASS" starttime="20230405 11:51:18.107" endtime="20230405 11:51:21.508"/>
</kw>
<status status="PASS" starttime="20230405 11:51:17.960" endtime="20230405 11:51:21.508"/>
</kw>
<status status="PASS" starttime="20230405 11:50:59.336" endtime="20230405 11:51:21.508"/>
</test>
<doc>Demo end to end</doc>
<status status="PASS" starttime="20230405 11:50:58.914" endtime="20230405 11:51:21.511"/>
</suite>
<status status="PASS" starttime="20230405 11:50:58.884" endtime="20230405 11:51:21.513"/>
</suite>
<statistics>
<total>
<stat pass="1" fail="0" skip="0">All Tests</stat>
</total>
<tag>
</tag>
<suite>
<stat pass="1" fail="0" skip="0" id="s1" name="Test">Test</stat>
<stat pass="1" fail="0" skip="0" id="s1-s1" name="SaucedemoTeste">Test.SaucedemoTeste</stat>
</suite>
</statistics>
<errors>
</errors>
</robot>
